C:\DEVELOPMENT\PRIVATE-PROJECTS\TANK_GAME\DEBUG\TANK_GAME.EXE
C:\DEVELOPMENT\PRIVATE-PROJECTS\TANK_GAME\DEBUG\TANK_GAME.ILK
C:\DEVELOPMENT\PRIVATE-PROJECTS\TANK_GAME\DEBUG\TANK_GAME.PDB
C:\DEVELOPMENT\PRIVATE-PROJECTS\TANK_GAME\TANK_GAME\DEBUG\ANIMATION.OBJ
C:\DEVELOPMENT\PRIVATE-PROJECTS\TANK_GAME\TANK_GAME\DEBUG\BULLET.OBJ
C:\DEVELOPMENT\PRIVATE-PROJECTS\TANK_GAME\TANK_GAME\DEBUG\DRAW.OBJ
C:\DEVELOPMENT\PRIVATE-PROJECTS\TANK_GAME\TANK_GAME\DEBUG\ENEMY.OBJ
C:\DEVELOPMENT\PRIVATE-PROJECTS\TANK_GAME\TANK_GAME\DEBUG\GAME.OBJ
C:\DEVELOPMENT\PRIVATE-PROJECTS\TANK_GAME\TANK_GAME\DEBUG\LANDMINE.OBJ
C:\DEVELOPMENT\PRIVATE-PROJECTS\TANK_GAME\TANK_GAME\DEBUG\MAIN.OBJ
C:\DEVELOPMENT\PRIVATE-PROJECTS\TANK_GAME\TANK_GAME\DEBUG\PLAYER.OBJ
C:\DEVELOPMENT\PRIVATE-PROJECTS\TANK_GAME\TANK_GAME\DEBUG\SDL_ROTOZOOM.OBJ
C:\DEVELOPMENT\PRIVATE-PROJECTS\TANK_GAME\TANK_GAME\DEBUG\TANK_GAME.EXE.INTERMEDIATE.MANIFEST
C:\DEVELOPMENT\PRIVATE-PROJECTS\TANK_GAME\TANK_GAME\DEBUG\VC100.PDB
C:\DEVELOPMENT\PRIVATE-PROJECTS\TANK_GAME\TANK_GAME\DEBUG\WAYPOINT_MANAGER.OBJ
D:\GEBRUIKERS\OPENBAAR\BUREAUBLAD\DEVELOPMENT\EMULATION\REPOSITORIES\PRIVATE-PROJECTS\TANK_GAME\DEBUG\TANK_GAME.EXE
D:\GEBRUIKERS\OPENBAAR\BUREAUBLAD\DEVELOPMENT\EMULATION\REPOSITORIES\PRIVATE-PROJECTS\TANK_GAME\DEBUG\TANK_GAME.ILK
D:\GEBRUIKERS\OPENBAAR\BUREAUBLAD\DEVELOPMENT\EMULATION\REPOSITORIES\PRIVATE-PROJECTS\TANK_GAME\DEBUG\TANK_GAME.PDB
D:\GEBRUIKERS\OPENBAAR\BUREAUBLAD\DEVELOPMENT\EMULATION\REPOSITORIES\PRIVATE-PROJECTS\TANK_GAME\TANK_GAME\DEBUG\ANIMATION.OBJ
D:\GEBRUIKERS\OPENBAAR\BUREAUBLAD\DEVELOPMENT\EMULATION\REPOSITORIES\PRIVATE-PROJECTS\TANK_GAME\TANK_GAME\DEBUG\BULLET.OBJ
D:\Gebruikers\Openbaar\Bureaublad\Development\Emulation\Repositories\Private-Projects\tank_game\tank_game\Debug\cl.command.1.tlog
D:\Gebruikers\Openbaar\Bureaublad\Development\Emulation\Repositories\Private-Projects\tank_game\tank_game\Debug\CL.read.1.tlog
D:\Gebruikers\Openbaar\Bureaublad\Development\Emulation\Repositories\Private-Projects\tank_game\tank_game\Debug\CL.write.1.tlog
D:\GEBRUIKERS\OPENBAAR\BUREAUBLAD\DEVELOPMENT\EMULATION\REPOSITORIES\PRIVATE-PROJECTS\TANK_GAME\TANK_GAME\DEBUG\DRAW.OBJ
D:\GEBRUIKERS\OPENBAAR\BUREAUBLAD\DEVELOPMENT\EMULATION\REPOSITORIES\PRIVATE-PROJECTS\TANK_GAME\TANK_GAME\DEBUG\ENEMY.OBJ
D:\GEBRUIKERS\OPENBAAR\BUREAUBLAD\DEVELOPMENT\EMULATION\REPOSITORIES\PRIVATE-PROJECTS\TANK_GAME\TANK_GAME\DEBUG\GAME.OBJ
D:\GEBRUIKERS\OPENBAAR\BUREAUBLAD\DEVELOPMENT\EMULATION\REPOSITORIES\PRIVATE-PROJECTS\TANK_GAME\TANK_GAME\DEBUG\LANDMINE.OBJ
D:\Gebruikers\Openbaar\Bureaublad\Development\Emulation\Repositories\Private-Projects\tank_game\tank_game\Debug\link.command.1.tlog
D:\Gebruikers\Openbaar\Bureaublad\Development\Emulation\Repositories\Private-Projects\tank_game\tank_game\Debug\link.read.1.tlog
D:\Gebruikers\Openbaar\Bureaublad\Development\Emulation\Repositories\Private-Projects\tank_game\tank_game\Debug\link.write.1.tlog
D:\GEBRUIKERS\OPENBAAR\BUREAUBLAD\DEVELOPMENT\EMULATION\REPOSITORIES\PRIVATE-PROJECTS\TANK_GAME\TANK_GAME\DEBUG\MAIN.OBJ
D:\Gebruikers\Openbaar\Bureaublad\Development\Emulation\Repositories\Private-Projects\tank_game\tank_game\Debug\mt.command.1.tlog
D:\Gebruikers\Openbaar\Bureaublad\Development\Emulation\Repositories\Private-Projects\tank_game\tank_game\Debug\mt.read.1.tlog
D:\Gebruikers\Openbaar\Bureaublad\Development\Emulation\Repositories\Private-Projects\tank_game\tank_game\Debug\mt.write.1.tlog
D:\GEBRUIKERS\OPENBAAR\BUREAUBLAD\DEVELOPMENT\EMULATION\REPOSITORIES\PRIVATE-PROJECTS\TANK_GAME\TANK_GAME\DEBUG\PLAYER.OBJ
D:\GEBRUIKERS\OPENBAAR\BUREAUBLAD\DEVELOPMENT\EMULATION\REPOSITORIES\PRIVATE-PROJECTS\TANK_GAME\TANK_GAME\DEBUG\SDL_ROTOZOOM.OBJ
D:\GEBRUIKERS\OPENBAAR\BUREAUBLAD\DEVELOPMENT\EMULATION\REPOSITORIES\PRIVATE-PROJECTS\TANK_GAME\TANK_GAME\DEBUG\TANK_GAME.EXE.INTERMEDIATE.MANIFEST
D:\Gebruikers\Openbaar\Bureaublad\Development\Emulation\Repositories\Private-Projects\tank_game\tank_game\Debug\tank_game.vcxprojResolveAssemblyReference.cache
D:\Gebruikers\Openbaar\Bureaublad\Development\Emulation\Repositories\Private-Projects\tank_game\tank_game\Debug\tank_game.write.1.tlog
D:\Gebruikers\Openbaar\Bureaublad\Development\Emulation\Repositories\Private-Projects\tank_game\tank_game\Debug\vc100.idb
D:\GEBRUIKERS\OPENBAAR\BUREAUBLAD\DEVELOPMENT\EMULATION\REPOSITORIES\PRIVATE-PROJECTS\TANK_GAME\TANK_GAME\DEBUG\VC100.PDB
D:\GEBRUIKERS\OPENBAAR\BUREAUBLAD\DEVELOPMENT\EMULATION\REPOSITORIES\PRIVATE-PROJECTS\TANK_GAME\TANK_GAME\DEBUG\WAYPOINT_MANAGER.OBJ
